<?xml version="1.0" encoding="UTF-8"?>
<!-- Generated by org.testng.reporters.JUnitReportReporter -->
<testsuite hostname="QT-INBG-LT1006" failures="0" tests="7" name="MoonMagic.TestMethods" time="30.508" errors="0" timestamp="2023-09-26T14:48:35 IST" skipped="0">
  <testcase classname="MoonMagic.TestMethods" name="Test06" time="0.494"/>
  <system-out/>
  <testcase classname="MoonMagic.TestMethods" name="Test05" time="1.138"/>
  <system-out/>
  <testcase classname="MoonMagic.TestMethods" name="Test04" time="6.775"/>
  <system-out/>
  <testcase classname="MoonMagic.TestMethods" name="Test02" time="8.089"/>
  <system-out/>
  <testcase classname="MoonMagic.TestMethods" name="Test07" time="0.612"/>
  <system-out/>
  <testcase classname="MoonMagic.TestMethods" name="Test03" time="3.477"/>
  <system-out/>
  <testcase classname="MoonMagic.TestMethods" name="Test01" time="9.923"/>
  <system-out/>
</testsuite> <!-- MoonMagic.TestMethods -->
