<?xml version="1.0" encoding="UTF-8"?>
<!-- Generated by org.testng.reporters.JUnitReportReporter -->
<testsuite hostname="QT-INBG-LT1006" failures="0" tests="11" name="MakeMyTrip.TestMethods" time="12.617" errors="0" timestamp="2023-09-26T14:48:35 IST" skipped="0">
  <testcase classname="MakeMyTrip.TestMethods" name="Test05" time="0.538"/>
  <system-out/>
  <testcase classname="MakeMyTrip.TestMethods" name="Test01" time="7.134"/>
  <system-out/>
  <testcase classname="MakeMyTrip.TestMethods" name="Test04" time="0.305"/>
  <system-out/>
  <testcase classname="MakeMyTrip.TestMethods" name="Test09" time="0.170"/>
  <system-out/>
  <testcase classname="MakeMyTrip.TestMethods" name="Test12" time="0.501"/>
  <system-out/>
  <testcase classname="MakeMyTrip.TestMethods" name="Test06" time="0.328"/>
  <system-out/>
  <testcase classname="MakeMyTrip.TestMethods" name="Test03" time="1.671"/>
  <system-out/>
  <testcase classname="MakeMyTrip.TestMethods" name="Test08" time="0.370"/>
  <system-out/>
  <testcase classname="MakeMyTrip.TestMethods" name="Test07" time="0.500"/>
  <system-out/>
  <testcase classname="MakeMyTrip.TestMethods" name="Test02" time="0.365"/>
  <system-out/>
  <testcase classname="MakeMyTrip.TestMethods" name="Test10" time="0.735"/>
  <system-out/>
</testsuite> <!-- MakeMyTrip.TestMethods -->
