<?xml version="1.0" encoding="UTF-8"?>
<!-- Generated by org.testng.reporters.JUnitReportReporter -->
<testsuite hostname="QT-INBG-LT1006" failures="0" tests="14" name="TransportBooking.Booking" time="25.917" errors="0" timestamp="2023-09-25T11:55:39 IST" skipped="0">
  <testcase classname="TransportBooking.Booking" name="Test013_closeTheDriver" time="0.379"/>
  <system-out/>
  <testcase classname="TransportBooking.Booking" name="Test011_Forex" time="0.783"/>
  <system-out/>
  <testcase classname="TransportBooking.Booking" name="Test002_Login" time="1.210"/>
  <system-out/>
  <testcase classname="TransportBooking.Booking" name="Test009_Buses" time="0.281"/>
  <system-out/>
  <testcase classname="TransportBooking.Booking" name="Test000_DriverInvoke" time="5.556"/>
  <system-out/>
  <testcase classname="TransportBooking.Booking" name="Test001_RemovePopUp" time="0.223"/>
  <system-out/>
  <testcase classname="TransportBooking.Booking" name="Test012_TravelInsurance" time="2.803"/>
  <system-out/>
  <testcase classname="TransportBooking.Booking" name="Test003_otpField" time="9.604"/>
  <system-out/>
  <testcase classname="TransportBooking.Booking" name="Test007_HolidayPackage" time="0.287"/>
  <system-out/>
  <testcase classname="TransportBooking.Booking" name="Test008_Trains" time="0.531"/>
  <system-out/>
  <testcase classname="TransportBooking.Booking" name="Test006_HomeStays" time="0.555"/>
  <system-out/>
  <testcase classname="TransportBooking.Booking" name="Test004_Flights" time="3.254"/>
  <system-out/>
  <testcase classname="TransportBooking.Booking" name="Test010_Cabs" time="0.234"/>
  <system-out/>
  <testcase classname="TransportBooking.Booking" name="Test005_Hotels" time="0.217"/>
  <system-out/>
</testsuite> <!-- TransportBooking.Booking -->
