<?xml version="1.0" encoding="UTF-8"?>
<!-- Generated by org.testng.reporters.JUnitReportReporter -->
<testsuite hostname="QT-INBG-LT1006" failures="0" tests="11" name="TransportBooking.TestMethods" time="11.658" errors="0" timestamp="2023-09-26T12:15:28 IST" skipped="0">
  <testcase classname="TransportBooking.TestMethods" name="Test05" time="0.617"/>
  <system-out/>
  <testcase classname="TransportBooking.TestMethods" name="Test09" time="0.210"/>
  <system-out/>
  <testcase classname="TransportBooking.TestMethods" name="Test01" time="6.713"/>
  <system-out/>
  <testcase classname="TransportBooking.TestMethods" name="Test12" time="0.377"/>
  <system-out/>
  <testcase classname="TransportBooking.TestMethods" name="Test08" time="0.433"/>
  <system-out/>
  <testcase classname="TransportBooking.TestMethods" name="Test04" time="0.259"/>
  <system-out/>
  <testcase classname="TransportBooking.TestMethods" name="Test10" time="0.554"/>
  <system-out/>
  <testcase classname="TransportBooking.TestMethods" name="Test03" time="1.501"/>
  <system-out/>
  <testcase classname="TransportBooking.TestMethods" name="Test02" time="0.281"/>
  <system-out/>
  <testcase classname="TransportBooking.TestMethods" name="Test06" time="0.300"/>
  <system-out/>
  <testcase classname="TransportBooking.TestMethods" name="Test07" time="0.413"/>
  <system-out/>
</testsuite> <!-- TransportBooking.TestMethods -->
