<?xml version="1.0" encoding="UTF-8"?>
<!-- Generated by org.testng.reporters.JUnitReportReporter -->
<testsuite hostname="QT-INBG-LT1006" failures="0" tests="14" name="TransportBooking.H" time="36.265" errors="0" timestamp="2023-09-25T18:54:07 IST" skipped="0">
  <testcase classname="TransportBooking.H" name="Test10" time="0.313"/>
  <system-out/>
  <testcase classname="TransportBooking.H" name="Test04" time="19.586"/>
  <system-out/>
  <testcase classname="TransportBooking.H" name="Test14" time="0.394"/>
  <system-out/>
  <testcase classname="TransportBooking.H" name="Test09" time="0.531"/>
  <system-out/>
  <testcase classname="TransportBooking.H" name="Test08" time="0.331"/>
  <system-out/>
  <testcase classname="TransportBooking.H" name="Test06" time="0.179"/>
  <system-out/>
  <testcase classname="TransportBooking.H" name="Test07" time="0.526"/>
  <system-out/>
  <testcase classname="TransportBooking.H" name="Test13" time="1.665"/>
  <system-out/>
  <testcase classname="TransportBooking.H" name="Test01" time="7.174"/>
  <system-out/>
  <testcase classname="TransportBooking.H" name="Test02" time="0.268"/>
  <system-out/>
  <testcase classname="TransportBooking.H" name="Test12" time="0.359"/>
  <system-out/>
  <testcase classname="TransportBooking.H" name="Test03" time="1.166"/>
  <system-out/>
  <testcase classname="TransportBooking.H" name="Test05" time="3.607"/>
  <system-out/>
  <testcase classname="TransportBooking.H" name="Test11" time="0.166"/>
  <system-out/>
</testsuite> <!-- TransportBooking.H -->
